<?xml version="1.0" encoding="UTF-8" ?>
<testsuite tests="5" failures="0" name="io.cucumber.avaliacao.RunCucumberTest" time="74.961" errors="5" skipped="0">
  <properties>
    <property name="java.runtime.name" value="OpenJDK Runtime Environment"/>
    <property name="sun.boot.library.path" value="C:\Program Files\AdoptOpenJDK\jdk-8.0.282.8-hotspot\jre\bin"/>
    <property name="java.vm.version" value="25.282-b08"/>
    <property name="java.vm.vendor" value="AdoptOpenJDK"/>
    <property name="maven.multiModuleProjectDirectory" value="C:\Users\Kaue Guedes\Desktop\kero\testeSeleniumFinal\testeSeleniumFinal"/>
    <property name="java.vendor.url" value="https://adoptopenjdk.net/"/>
    <property name="path.separator" value=";"/>
    <property name="guice.disable.misplaced.annotation.check" value="true"/>
    <property name="java.vm.name" value="OpenJDK Client VM"/>
    <property name="file.encoding.pkg" value="sun.io"/>
    <property name="user.script" value=""/>
    <property name="user.country" value="BR"/>
    <property name="sun.java.launcher" value="SUN_STANDARD"/>
    <property name="sun.os.patch.level" value="Service Pack 1"/>
    <property name="java.vm.specification.name" value="Java Virtual Machine Specification"/>
    <property name="user.dir" value="C:\Users\Kaue Guedes\Desktop\kero\testeSeleniumFinal\testeSeleniumFinal"/>
    <property name="java.runtime.version" value="1.8.0_282-b08"/>
    <property name="java.awt.graphicsenv" value="sun.awt.Win32GraphicsEnvironment"/>
    <property name="java.endorsed.dirs" value="C:\Program Files\AdoptOpenJDK\jdk-8.0.282.8-hotspot\jre\lib\endorsed"/>
    <property name="os.arch" value="x86"/>
    <property name="java.io.tmpdir" value="C:\Users\KAUEGU~1\AppData\Local\Temp\"/>
    <property name="line.separator" value="
"/>
    <property name="java.vm.specification.vendor" value="Oracle Corporation"/>
    <property name="user.variant" value=""/>
    <property name="os.name" value="Windows 7"/>
    <property name="classworlds.conf" value="C:\Users\Kaue Guedes\.m2\wrapper\dists\apache-maven-3.6.3-bin\1iopthnavndlasol9gbrbg6bf2\apache-maven-3.6.3\bin\m2.conf"/>
    <property name="sun.jnu.encoding" value="Cp1252"/>
    <property name="java.library.path" value="C:\Program Files\AdoptOpenJDK\jdk-8.0.282.8-hotspot\bin;C:\Windows\Sun\Java\bin;C:\Windows\system32;C:\Windows;C:\Program Files\AdoptOpenJDK\jdk-8.0.282.8-hotspot\bin;C:\Program Files\Common Files\Oracle\Java\javapath;C:\ProgramData\Oracle\Java\javapath;C:\Windows\system32;C:\Windows;C:\Windows\System32\Wbem;C:\Windows\System32\WindowsPowerShell\v1.0\;C:\Program Files\Intel\DMIX;C:\Program Files\Microsoft SQL Server\80\Tools\Binn\;;C:\Users\Kaue Guedes\AppData\Local\Programs\Microsoft VS Code\bin;."/>
    <property name="maven.conf" value="C:\Users\Kaue Guedes\.m2\wrapper\dists\apache-maven-3.6.3-bin\1iopthnavndlasol9gbrbg6bf2\apache-maven-3.6.3/conf"/>
    <property name="java.specification.name" value="Java Platform API Specification"/>
    <property name="java.class.version" value="52.0"/>
    <property name="sun.management.compiler" value="HotSpot Client Compiler"/>
    <property name="os.version" value="6.1"/>
    <property name="user.home" value="C:\Users\Kaue Guedes"/>
    <property name="user.timezone" value="America/Sao_Paulo"/>
    <property name="java.awt.printerjob" value="sun.awt.windows.WPrinterJob"/>
    <property name="java.specification.version" value="1.8"/>
    <property name="file.encoding" value="Cp1252"/>
    <property name="user.name" value="Kaue Guedes"/>
    <property name="java.class.path" value="C:\Users\Kaue Guedes\Desktop\kero\testeSeleniumFinal\testeSeleniumFinal\.mvn\wrapper\maven-wrapper.jar"/>
    <property name="java.vm.specification.version" value="1.8"/>
    <property name="sun.arch.data.model" value="32"/>
    <property name="java.home" value="C:\Program Files\AdoptOpenJDK\jdk-8.0.282.8-hotspot\jre"/>
    <property name="sun.java.command" value="org.apache.maven.wrapper.MavenWrapperMain test"/>
    <property name="java.specification.vendor" value="Oracle Corporation"/>
    <property name="user.language" value="pt"/>
    <property name="awt.toolkit" value="sun.awt.windows.WToolkit"/>
    <property name="java.vm.info" value="mixed mode"/>
    <property name="java.version" value="1.8.0_282"/>
    <property name="java.ext.dirs" value="C:\Program Files\AdoptOpenJDK\jdk-8.0.282.8-hotspot\jre\lib\ext;C:\Windows\Sun\Java\lib\ext"/>
    <property name="sun.boot.class.path" value="C:\Program Files\AdoptOpenJDK\jdk-8.0.282.8-hotspot\jre\lib\resources.jar;C:\Program Files\AdoptOpenJDK\jdk-8.0.282.8-hotspot\jre\lib\rt.jar;C:\Program Files\AdoptOpenJDK\jdk-8.0.282.8-hotspot\jre\lib\sunrsasign.jar;C:\Program Files\AdoptOpenJDK\jdk-8.0.282.8-hotspot\jre\lib\jsse.jar;C:\Program Files\AdoptOpenJDK\jdk-8.0.282.8-hotspot\jre\lib\jce.jar;C:\Program Files\AdoptOpenJDK\jdk-8.0.282.8-hotspot\jre\lib\charsets.jar;C:\Program Files\AdoptOpenJDK\jdk-8.0.282.8-hotspot\jre\lib\jfr.jar;C:\Program Files\AdoptOpenJDK\jdk-8.0.282.8-hotspot\jre\classes"/>
    <property name="sun.stderr.encoding" value="cp850"/>
    <property name="java.vendor" value="AdoptOpenJDK"/>
    <property name="maven.home" value="C:\Users\Kaue Guedes\.m2\wrapper\dists\apache-maven-3.6.3-bin\1iopthnavndlasol9gbrbg6bf2\apache-maven-3.6.3"/>
    <property name="file.separator" value="\"/>
    <property name="java.vendor.url.bug" value="https://github.com/AdoptOpenJDK/openjdk-support/issues"/>
    <property name="sun.cpu.endian" value="little"/>
    <property name="sun.io.unicode.encoding" value="UnicodeLittle"/>
    <property name="sun.stdout.encoding" value="cp850"/>
    <property name="sun.desktop" value="windows"/>
    <property name="sun.cpu.isalist" value="pentium_pro+mmx pentium_pro pentium+mmx pentium i486 i386 i86"/>
  </properties>
  <testcase classname="Preencher o formulario no site SampleApp Tricentis" name="Preencher Enter Vehicle Data" time="74.808">
    <error message="no such element: Unable to locate element: {&quot;method&quot;:&quot;css selector&quot;,&quot;selector&quot;:&quot;#make&gt;option:nth-child(14)&quot;}
  (Session info: chrome=89.0.4389.114)
For documentation on this error, please visit: https://www.seleniumhq.org/exceptions/no_such_element.html
Build info: version: &apos;3.141.59&apos;, revision: &apos;e82be7d358&apos;, time: &apos;2018-11-14T08:17:03&apos;
System info: host: &apos;MATRIX&apos;, ip: &apos;192.168.10.80&apos;, os.name: &apos;Windows 7&apos;, os.arch: &apos;x86&apos;, os.version: &apos;6.1&apos;, java.version: &apos;1.8.0_282&apos;
Driver info: org.openqa.selenium.chrome.ChromeDriver
Capabilities {acceptInsecureCerts: false, browserName: chrome, browserVersion: 89.0.4389.114, chrome: {chromedriverVersion: 89.0.4389.23 (61b08ee2c5002..., userDataDir: C:\Users\KAUEGU~1\AppData\L...}, goog:chromeOptions: {debuggerAddress: localhost:50018}, javascriptEnabled: true, networkConnectionEnabled: false, pageLoadStrategy: normal, platform: WINDOWS, platformName: WINDOWS, proxy: Proxy(), setWindowRect: true, strictFileInteractability: false, timeouts: {implicit: 0, pageLoad: 300000, script: 30000}, unhandledPromptBehavior: dismiss and notify, webauthn:extension:largeBlob: true, webauthn:virtualAuthenticators: true}
Session ID: 3dcadf6f49481e0e76b66d1c3dc6df7d
*** Element info: {Using=css selector, value=#make&gt;option:nth-child(14)}" type="org.openqa.selenium.NoSuchElementException">org.openqa.selenium.NoSuchElementException: no such element: Unable to locate element: {&quot;method&quot;:&quot;css selector&quot;,&quot;selector&quot;:&quot;#make&gt;option:nth-child(14)&quot;}
  (Session info: chrome=89.0.4389.114)
For documentation on this error, please visit: https://www.seleniumhq.org/exceptions/no_such_element.html
Build info: version: &apos;3.141.59&apos;, revision: &apos;e82be7d358&apos;, time: &apos;2018-11-14T08:17:03&apos;
System info: host: &apos;MATRIX&apos;, ip: &apos;192.168.10.80&apos;, os.name: &apos;Windows 7&apos;, os.arch: &apos;x86&apos;, os.version: &apos;6.1&apos;, java.version: &apos;1.8.0_282&apos;
Driver info: org.openqa.selenium.chrome.ChromeDriver
Capabilities {acceptInsecureCerts: false, browserName: chrome, browserVersion: 89.0.4389.114, chrome: {chromedriverVersion: 89.0.4389.23 (61b08ee2c5002..., userDataDir: C:\Users\KAUEGU~1\AppData\L...}, goog:chromeOptions: {debuggerAddress: localhost:50018}, javascriptEnabled: true, networkConnectionEnabled: false, pageLoadStrategy: normal, platform: WINDOWS, platformName: WINDOWS, proxy: Proxy(), setWindowRect: true, strictFileInteractability: false, timeouts: {implicit: 0, pageLoad: 300000, script: 30000}, unhandledPromptBehavior: dismiss and notify, webauthn:extension:largeBlob: true, webauthn:virtualAuthenticators: true}
Session ID: 3dcadf6f49481e0e76b66d1c3dc6df7d
*** Element info: {Using=css selector, value=#make&gt;option:nth-child(14)}
	at sun.reflect.NativeConstructorAccessorImpl.newInstance0(Native Method)
	at sun.reflect.NativeConstructorAccessorImpl.newInstance(NativeConstructorAccessorImpl.java:62)
	at sun.reflect.DelegatingConstructorAccessorImpl.newInstance(DelegatingConstructorAccessorImpl.java:45)
	at java.lang.reflect.Constructor.newInstance(Constructor.java:423)
	at org.openqa.selenium.remote.http.W3CHttpResponseCodec.createException(W3CHttpResponseCodec.java:187)
	at org.openqa.selenium.remote.http.W3CHttpResponseCodec.decode(W3CHttpResponseCodec.java:122)
	at org.openqa.selenium.remote.http.W3CHttpResponseCodec.decode(W3CHttpResponseCodec.java:49)
	at org.openqa.selenium.remote.HttpCommandExecutor.execute(HttpCommandExecutor.java:158)
	at org.openqa.selenium.remote.service.DriverCommandExecutor.execute(DriverCommandExecutor.java:83)
	at org.openqa.selenium.remote.RemoteWebDriver.execute(RemoteWebDriver.java:552)
	at org.openqa.selenium.remote.RemoteWebDriver.findElement(RemoteWebDriver.java:323)
	at org.openqa.selenium.remote.RemoteWebDriver.findElementByCssSelector(RemoteWebDriver.java:420)
	at org.openqa.selenium.By$ByCssSelector.findElement(By.java:431)
	at org.openqa.selenium.remote.RemoteWebDriver.findElement(RemoteWebDriver.java:315)
	at io.cucumber.avaliacao.Pages.VehiclePage.dropdownMake(VehiclePage.java:11)
	at io.cucumber.avaliacao.Steps.VehicleSteps.seleciono_uma_opcao_Make(VehicleSteps.java:18)
	at ✽.seleciono uma opcao Make(classpath:io/cucumber/avaliacao/preencherformulario.feature:9)
</error>
    <system-out>
Esquema do Cenario: Preencher Enter Vehicle Data &amp;#27;[90m# io/cucumber/avaliacao/preencherformulario.feature:27&amp;#27;[0m
  &amp;#27;[32mQuando &amp;#27;[0m&amp;#27;[32mestou no site SampleApp Tricentis&amp;#27;[0m       &amp;#27;[90m# io.cucumber.avaliacao.Steps.VehicleSteps.estou_no_site_SampleApp_Tricentis()&amp;#27;[0m
  &amp;#27;[31mE &amp;#27;[0m&amp;#27;[31mseleciono uma opcao Make&amp;#27;[0m                     &amp;#27;[90m# io.cucumber.avaliacao.Steps.VehicleSteps.seleciono_uma_opcao_Make()&amp;#27;[0m
      &amp;#27;[31morg.openqa.selenium.NoSuchElementException: no such element: Unable to locate element: {&quot;method&quot;:&quot;css selector&quot;,&quot;selector&quot;:&quot;#make&gt;option:nth-child(14)&quot;}
  (Session info: chrome=89.0.4389.114)
For documentation on this error, please visit: https://www.seleniumhq.org/exceptions/no_such_element.html
Build info: version: &apos;3.141.59&apos;, revision: &apos;e82be7d358&apos;, time: &apos;2018-11-14T08:17:03&apos;
System info: host: &apos;MATRIX&apos;, ip: &apos;192.168.10.80&apos;, os.name: &apos;Windows 7&apos;, os.arch: &apos;x86&apos;, os.version: &apos;6.1&apos;, java.version: &apos;1.8.0_282&apos;
Driver info: org.openqa.selenium.chrome.ChromeDriver
Capabilities {acceptInsecureCerts: false, browserName: chrome, browserVersion: 89.0.4389.114, chrome: {chromedriverVersion: 89.0.4389.23 (61b08ee2c5002..., userDataDir: C:\Users\KAUEGU~1\AppData\L...}, goog:chromeOptions: {debuggerAddress: localhost:50018}, javascriptEnabled: true, networkConnectionEnabled: false, pageLoadStrategy: normal, platform: WINDOWS, platformName: WINDOWS, proxy: Proxy(), setWindowRect: true, strictFileInteractability: false, timeouts: {implicit: 0, pageLoad: 300000, script: 30000}, unhandledPromptBehavior: dismiss and notify, webauthn:extension:largeBlob: true, webauthn:virtualAuthenticators: true}
Session ID: 3dcadf6f49481e0e76b66d1c3dc6df7d
*** Element info: {Using=css selector, value=#make&gt;option:nth-child(14)}
	at sun.reflect.NativeConstructorAccessorImpl.newInstance0(Native Method)
	at sun.reflect.NativeConstructorAccessorImpl.newInstance(NativeConstructorAccessorImpl.java:62)
	at sun.reflect.DelegatingConstructorAccessorImpl.newInstance(DelegatingConstructorAccessorImpl.java:45)
	at java.lang.reflect.Constructor.newInstance(Constructor.java:423)
	at org.openqa.selenium.remote.http.W3CHttpResponseCodec.createException(W3CHttpResponseCodec.java:187)
	at org.openqa.selenium.remote.http.W3CHttpResponseCodec.decode(W3CHttpResponseCodec.java:122)
	at org.openqa.selenium.remote.http.W3CHttpResponseCodec.decode(W3CHttpResponseCodec.java:49)
	at org.openqa.selenium.remote.HttpCommandExecutor.execute(HttpCommandExecutor.java:158)
	at org.openqa.selenium.remote.service.DriverCommandExecutor.execute(DriverCommandExecutor.java:83)
	at org.openqa.selenium.remote.RemoteWebDriver.execute(RemoteWebDriver.java:552)
	at org.openqa.selenium.remote.RemoteWebDriver.findElement(RemoteWebDriver.java:323)
	at org.openqa.selenium.remote.RemoteWebDriver.findElementByCssSelector(RemoteWebDriver.java:420)
	at org.openqa.selenium.By$ByCssSelector.findElement(By.java:431)
	at org.openqa.selenium.remote.RemoteWebDriver.findElement(RemoteWebDriver.java:315)
	at io.cucumber.avaliacao.Pages.VehiclePage.dropdownMake(VehiclePage.java:11)
	at io.cucumber.avaliacao.Steps.VehicleSteps.seleciono_uma_opcao_Make(VehicleSteps.java:18)
	at ?.seleciono uma opcao Make(classpath:io/cucumber/avaliacao/preencherformulario.feature:9)
&amp;#27;[0m
  &amp;#27;[36mE &amp;#27;[0m&amp;#27;[36mseleciono o Model&amp;#27;[0m                            &amp;#27;[90m# io.cucumber.avaliacao.Steps.VehicleSteps.seleciono_o_Model()&amp;#27;[0m
  &amp;#27;[36mE &amp;#27;[0m&amp;#27;[36mdigito o &amp;#27;[0m&amp;#27;[36m&amp;#27;[1m100&amp;#27;[0m&amp;#27;[36m Capacity&amp;#27;[0m                        &amp;#27;[90m# io.cucumber.avaliacao.Steps.VehicleSteps.digito_o_Capacity(java.lang.String)&amp;#27;[0m
  &amp;#27;[36mE &amp;#27;[0m&amp;#27;[36mdigito no campo &amp;#27;[0m&amp;#27;[36m&amp;#27;[1m100&amp;#27;[0m&amp;#27;[36m Performance&amp;#27;[0m              &amp;#27;[90m# io.cucumber.avaliacao.Steps.VehicleSteps.digito_no_campo_Engine_Performance(java.lang.String)&amp;#27;[0m
  &amp;#27;[36mE &amp;#27;[0m&amp;#27;[36mseleciono Date of Manufacture&amp;#27;[0m                &amp;#27;[90m# io.cucumber.avaliacao.Steps.VehicleSteps.seleciono_Date_of_Manufacture()&amp;#27;[0m
  &amp;#27;[36mE &amp;#27;[0m&amp;#27;[36mseleciono Number of Seats&amp;#27;[0m                    &amp;#27;[90m# io.cucumber.avaliacao.Steps.VehicleSteps.seleciono_Number_of_Seats()&amp;#27;[0m
  &amp;#27;[36mE &amp;#27;[0m&amp;#27;[36mseleciono Right Hand Drive&amp;#27;[0m                   &amp;#27;[90m# io.cucumber.avaliacao.Steps.VehicleSteps.seleciono_Right_Hand_Drive()&amp;#27;[0m
  &amp;#27;[36mE &amp;#27;[0m&amp;#27;[36mseleciono Number of Seats motorcycle&amp;#27;[0m         &amp;#27;[90m# io.cucumber.avaliacao.Steps.VehicleSteps.seleciono_Number_of_Seats_motorcycle()&amp;#27;[0m
  &amp;#27;[36mE &amp;#27;[0m&amp;#27;[36mseleciono Fuel Type&amp;#27;[0m                          &amp;#27;[90m# io.cucumber.avaliacao.Steps.VehicleSteps.seleciono_Fuel_Type()&amp;#27;[0m
  &amp;#27;[36mE &amp;#27;[0m&amp;#27;[36mdigito campo &amp;#27;[0m&amp;#27;[36m&amp;#27;[1m1000&amp;#27;[0m&amp;#27;[36m [kg]&amp;#27;[0m                       &amp;#27;[90m# io.cucumber.avaliacao.Steps.VehicleSteps.digito_campo_kg(java.lang.String)&amp;#27;[0m
  &amp;#27;[36mE &amp;#27;[0m&amp;#27;[36mdigito Total &amp;#27;[0m&amp;#27;[36m&amp;#27;[1m200&amp;#27;[0m&amp;#27;[36m [kg]&amp;#27;[0m                        &amp;#27;[90m# io.cucumber.avaliacao.Steps.VehicleSteps.digito_Total_kg(java.lang.String)&amp;#27;[0m
  &amp;#27;[36mE &amp;#27;[0m&amp;#27;[36mdigito List &amp;#27;[0m&amp;#27;[36m&amp;#27;[1m500&amp;#27;[0m                              &amp;#27;[90m# io.cucumber.avaliacao.Steps.VehicleSteps.digito_List(java.lang.String)&amp;#27;[0m
  &amp;#27;[36mE &amp;#27;[0m&amp;#27;[36mdigito &amp;#27;[0m&amp;#27;[36m&amp;#27;[1mHWH3623&amp;#27;[0m&amp;#27;[36m Plate Number&amp;#27;[0m                  &amp;#27;[90m# io.cucumber.avaliacao.Steps.VehicleSteps.digito_Plate_Number(java.lang.String)&amp;#27;[0m
  &amp;#27;[36mE &amp;#27;[0m&amp;#27;[36mdigito Annual &amp;#27;[0m&amp;#27;[36m&amp;#27;[1m500&amp;#27;[0m                            &amp;#27;[90m# io.cucumber.avaliacao.Steps.VehicleSteps.digito_Annual(java.lang.String)&amp;#27;[0m
  &amp;#27;[36mEntao &amp;#27;[0m&amp;#27;[36mclico next para Insurant&amp;#27;[0m                 &amp;#27;[90m# io.cucumber.avaliacao.Steps.VehicleSteps.clico_next_para_insurant()&amp;#27;[0m
</system-out>
    <system-err>mar 31, 2021 6:21:02 PM io.cucumber.junit.Cucumber &lt;init&gt;
ADVERTÊNCIA: By default Cucumber is running in --non-strict mode.
This default will change to --strict and --non-strict will be removed.
You can use --strict or @CucumberOptions(strict = true) to suppress this warning
Starting ChromeDriver 89.0.4389.23 (61b08ee2c50024bab004e48d2b1b083cdbdac579-refs/branch-heads/4389@{#294}) on port 35064
Only local connections are allowed.
Please see https://chromedriver.chromium.org/security-considerations for suggestions on keeping ChromeDriver safe.
ChromeDriver was started successfully.
mar 31, 2021 6:21:14 PM org.openqa.selenium.remote.ProtocolHandshake createSession
INFORMAÇÕES: Detected dialect: W3C
</system-err>
  </testcase>
  <testcase classname="Preencher o formulario no site SampleApp Tricentis" name="Preencher Enter Insurant Data" time="0.071">
    <error message="no such element: Unable to locate element: {&quot;method&quot;:&quot;css selector&quot;,&quot;selector&quot;:&quot;#firstname&quot;}
  (Session info: chrome=89.0.4389.114)
For documentation on this error, please visit: https://www.seleniumhq.org/exceptions/no_such_element.html
Build info: version: &apos;3.141.59&apos;, revision: &apos;e82be7d358&apos;, time: &apos;2018-11-14T08:17:03&apos;
System info: host: &apos;MATRIX&apos;, ip: &apos;192.168.10.80&apos;, os.name: &apos;Windows 7&apos;, os.arch: &apos;x86&apos;, os.version: &apos;6.1&apos;, java.version: &apos;1.8.0_282&apos;
Driver info: org.openqa.selenium.chrome.ChromeDriver
Capabilities {acceptInsecureCerts: false, browserName: chrome, browserVersion: 89.0.4389.114, chrome: {chromedriverVersion: 89.0.4389.23 (61b08ee2c5002..., userDataDir: C:\Users\KAUEGU~1\AppData\L...}, goog:chromeOptions: {debuggerAddress: localhost:50018}, javascriptEnabled: true, networkConnectionEnabled: false, pageLoadStrategy: normal, platform: WINDOWS, platformName: WINDOWS, proxy: Proxy(), setWindowRect: true, strictFileInteractability: false, timeouts: {implicit: 0, pageLoad: 300000, script: 30000}, unhandledPromptBehavior: dismiss and notify, webauthn:extension:largeBlob: true, webauthn:virtualAuthenticators: true}
Session ID: 3dcadf6f49481e0e76b66d1c3dc6df7d
*** Element info: {Using=css selector, value=#firstname}" type="org.openqa.selenium.NoSuchElementException">org.openqa.selenium.NoSuchElementException: no such element: Unable to locate element: {&quot;method&quot;:&quot;css selector&quot;,&quot;selector&quot;:&quot;#firstname&quot;}
  (Session info: chrome=89.0.4389.114)
For documentation on this error, please visit: https://www.seleniumhq.org/exceptions/no_such_element.html
Build info: version: &apos;3.141.59&apos;, revision: &apos;e82be7d358&apos;, time: &apos;2018-11-14T08:17:03&apos;
System info: host: &apos;MATRIX&apos;, ip: &apos;192.168.10.80&apos;, os.name: &apos;Windows 7&apos;, os.arch: &apos;x86&apos;, os.version: &apos;6.1&apos;, java.version: &apos;1.8.0_282&apos;
Driver info: org.openqa.selenium.chrome.ChromeDriver
Capabilities {acceptInsecureCerts: false, browserName: chrome, browserVersion: 89.0.4389.114, chrome: {chromedriverVersion: 89.0.4389.23 (61b08ee2c5002..., userDataDir: C:\Users\KAUEGU~1\AppData\L...}, goog:chromeOptions: {debuggerAddress: localhost:50018}, javascriptEnabled: true, networkConnectionEnabled: false, pageLoadStrategy: normal, platform: WINDOWS, platformName: WINDOWS, proxy: Proxy(), setWindowRect: true, strictFileInteractability: false, timeouts: {implicit: 0, pageLoad: 300000, script: 30000}, unhandledPromptBehavior: dismiss and notify, webauthn:extension:largeBlob: true, webauthn:virtualAuthenticators: true}
Session ID: 3dcadf6f49481e0e76b66d1c3dc6df7d
*** Element info: {Using=css selector, value=#firstname}
	at sun.reflect.NativeConstructorAccessorImpl.newInstance0(Native Method)
	at sun.reflect.NativeConstructorAccessorImpl.newInstance(NativeConstructorAccessorImpl.java:62)
	at sun.reflect.DelegatingConstructorAccessorImpl.newInstance(DelegatingConstructorAccessorImpl.java:45)
	at java.lang.reflect.Constructor.newInstance(Constructor.java:423)
	at org.openqa.selenium.remote.http.W3CHttpResponseCodec.createException(W3CHttpResponseCodec.java:187)
	at org.openqa.selenium.remote.http.W3CHttpResponseCodec.decode(W3CHttpResponseCodec.java:122)
	at org.openqa.selenium.remote.http.W3CHttpResponseCodec.decode(W3CHttpResponseCodec.java:49)
	at org.openqa.selenium.remote.HttpCommandExecutor.execute(HttpCommandExecutor.java:158)
	at org.openqa.selenium.remote.service.DriverCommandExecutor.execute(DriverCommandExecutor.java:83)
	at org.openqa.selenium.remote.RemoteWebDriver.execute(RemoteWebDriver.java:552)
	at org.openqa.selenium.remote.RemoteWebDriver.findElement(RemoteWebDriver.java:323)
	at org.openqa.selenium.remote.RemoteWebDriver.findElementByCssSelector(RemoteWebDriver.java:420)
	at org.openqa.selenium.By$ByCssSelector.findElement(By.java:431)
	at org.openqa.selenium.remote.RemoteWebDriver.findElement(RemoteWebDriver.java:315)
	at io.cucumber.avaliacao.Pages.InsurantPage.campoFirstName(InsurantPage.java:11)
	at io.cucumber.avaliacao.Steps.InsurantSteps.digito_First_Name(InsurantSteps.java:13)
	at ✽.digito First &quot;Leandro&quot; Name(classpath:io/cucumber/avaliacao/preencherformulario.feature:30)
</error>
    <system-out>
Esquema do Cenario: Preencher Enter Insurant Data &amp;#27;[90m# io/cucumber/avaliacao/preencherformulario.feature:45&amp;#27;[0m
  &amp;#27;[31mE &amp;#27;[0m&amp;#27;[31mdigito First &amp;#27;[0m&amp;#27;[31m&amp;#27;[1m&quot;Leandro&quot;&amp;#27;[0m&amp;#27;[31m Name&amp;#27;[0m                   &amp;#27;[90m# io.cucumber.avaliacao.Steps.InsurantSteps.digito_First_Name(java.lang.String)&amp;#27;[0m
      &amp;#27;[31morg.openqa.selenium.NoSuchElementException: no such element: Unable to locate element: {&quot;method&quot;:&quot;css selector&quot;,&quot;selector&quot;:&quot;#firstname&quot;}
  (Session info: chrome=89.0.4389.114)
For documentation on this error, please visit: https://www.seleniumhq.org/exceptions/no_such_element.html
Build info: version: &apos;3.141.59&apos;, revision: &apos;e82be7d358&apos;, time: &apos;2018-11-14T08:17:03&apos;
System info: host: &apos;MATRIX&apos;, ip: &apos;192.168.10.80&apos;, os.name: &apos;Windows 7&apos;, os.arch: &apos;x86&apos;, os.version: &apos;6.1&apos;, java.version: &apos;1.8.0_282&apos;
Driver info: org.openqa.selenium.chrome.ChromeDriver
Capabilities {acceptInsecureCerts: false, browserName: chrome, browserVersion: 89.0.4389.114, chrome: {chromedriverVersion: 89.0.4389.23 (61b08ee2c5002..., userDataDir: C:\Users\KAUEGU~1\AppData\L...}, goog:chromeOptions: {debuggerAddress: localhost:50018}, javascriptEnabled: true, networkConnectionEnabled: false, pageLoadStrategy: normal, platform: WINDOWS, platformName: WINDOWS, proxy: Proxy(), setWindowRect: true, strictFileInteractability: false, timeouts: {implicit: 0, pageLoad: 300000, script: 30000}, unhandledPromptBehavior: dismiss and notify, webauthn:extension:largeBlob: true, webauthn:virtualAuthenticators: true}
Session ID: 3dcadf6f49481e0e76b66d1c3dc6df7d
*** Element info: {Using=css selector, value=#firstname}
	at sun.reflect.NativeConstructorAccessorImpl.newInstance0(Native Method)
	at sun.reflect.NativeConstructorAccessorImpl.newInstance(NativeConstructorAccessorImpl.java:62)
	at sun.reflect.DelegatingConstructorAccessorImpl.newInstance(DelegatingConstructorAccessorImpl.java:45)
	at java.lang.reflect.Constructor.newInstance(Constructor.java:423)
	at org.openqa.selenium.remote.http.W3CHttpResponseCodec.createException(W3CHttpResponseCodec.java:187)
	at org.openqa.selenium.remote.http.W3CHttpResponseCodec.decode(W3CHttpResponseCodec.java:122)
	at org.openqa.selenium.remote.http.W3CHttpResponseCodec.decode(W3CHttpResponseCodec.java:49)
	at org.openqa.selenium.remote.HttpCommandExecutor.execute(HttpCommandExecutor.java:158)
	at org.openqa.selenium.remote.service.DriverCommandExecutor.execute(DriverCommandExecutor.java:83)
	at org.openqa.selenium.remote.RemoteWebDriver.execute(RemoteWebDriver.java:552)
	at org.openqa.selenium.remote.RemoteWebDriver.findElement(RemoteWebDriver.java:323)
	at org.openqa.selenium.remote.RemoteWebDriver.findElementByCssSelector(RemoteWebDriver.java:420)
	at org.openqa.selenium.By$ByCssSelector.findElement(By.java:431)
	at org.openqa.selenium.remote.RemoteWebDriver.findElement(RemoteWebDriver.java:315)
	at io.cucumber.avaliacao.Pages.InsurantPage.campoFirstName(InsurantPage.java:11)
	at io.cucumber.avaliacao.Steps.InsurantSteps.digito_First_Name(InsurantSteps.java:13)
	at ?.digito First &quot;Leandro&quot; Name(classpath:io/cucumber/avaliacao/preencherformulario.feature:30)
&amp;#27;[0m
  &amp;#27;[36mE &amp;#27;[0m&amp;#27;[36mdigito Last &amp;#27;[0m&amp;#27;[36m&amp;#27;[1m&quot;Cardoso&quot;&amp;#27;[0m&amp;#27;[36m Name&amp;#27;[0m                    &amp;#27;[90m# io.cucumber.avaliacao.Steps.InsurantSteps.digito_Last_Name(java.lang.String)&amp;#27;[0m
  &amp;#27;[36mE &amp;#27;[0m&amp;#27;[36mescolho Date of Birth &amp;#27;[0m&amp;#27;[36m&amp;#27;[1m&quot;03/08/1964&quot;&amp;#27;[0m            &amp;#27;[90m# io.cucumber.avaliacao.Steps.InsurantSteps.escolho_Date_of_Birth(java.lang.String)&amp;#27;[0m
  &amp;#27;[36mE &amp;#27;[0m&amp;#27;[36mescolho Gender&amp;#27;[0m                                &amp;#27;[90m# io.cucumber.avaliacao.Steps.InsurantSteps.escolho_Gender()&amp;#27;[0m
  &amp;#27;[36mE &amp;#27;[0m&amp;#27;[36mdigito Street &amp;#27;[0m&amp;#27;[36m&amp;#27;[1m&quot;Rua Alcina da Silva Braga&quot;&amp;#27;[0m     &amp;#27;[90m# io.cucumber.avaliacao.Steps.InsurantSteps.digito_Street(java.lang.String)&amp;#27;[0m
  &amp;#27;[36mE &amp;#27;[0m&amp;#27;[36mescolho Country&amp;#27;[0m                               &amp;#27;[90m# io.cucumber.avaliacao.Steps.InsurantSteps.escolho_Country()&amp;#27;[0m
  &amp;#27;[36mE &amp;#27;[0m&amp;#27;[36mdigito &amp;#27;[0m&amp;#27;[36m&amp;#27;[1m&quot;09360680&quot;&amp;#27;[0m&amp;#27;[36m Code&amp;#27;[0m                        &amp;#27;[90m# io.cucumber.avaliacao.Steps.InsurantSteps.digito_Code(java.lang.String)&amp;#27;[0m
  &amp;#27;[36mE &amp;#27;[0m&amp;#27;[36mdigito cidade &amp;#27;[0m&amp;#27;[36m&amp;#27;[1m&quot;Maua&quot;&amp;#27;[0m                          &amp;#27;[90m# io.cucumber.avaliacao.Steps.InsurantSteps.digito_cidade(java.lang.String)&amp;#27;[0m
  &amp;#27;[36mE &amp;#27;[0m&amp;#27;[36mescolho Occupation&amp;#27;[0m                            &amp;#27;[90m# io.cucumber.avaliacao.Steps.InsurantSteps.escolho_Occupation()&amp;#27;[0m
  &amp;#27;[36mE &amp;#27;[0m&amp;#27;[36mescolho Hobbies&amp;#27;[0m                               &amp;#27;[90m# io.cucumber.avaliacao.Steps.InsurantSteps.escolho_Hobbies()&amp;#27;[0m
  &amp;#27;[36mE &amp;#27;[0m&amp;#27;[36mdigito website &amp;#27;[0m&amp;#27;[36m&amp;#27;[1m&quot;https://cucumber.io/&quot;&amp;#27;[0m         &amp;#27;[90m# io.cucumber.avaliacao.Steps.InsurantSteps.digito_website(java.lang.String)&amp;#27;[0m
  &amp;#27;[36mEntao &amp;#27;[0m&amp;#27;[36mclico next para Product&amp;#27;[0m                   &amp;#27;[90m# io.cucumber.avaliacao.Steps.InsurantSteps.clico_next_para_product()&amp;#27;[0m
</system-out>
  </testcase>
  <testcase classname="Preencher o formulario no site SampleApp Tricentis" name="Preencher Enter Product Data" time="0.029">
    <error message="no such element: Unable to locate element: {&quot;method&quot;:&quot;css selector&quot;,&quot;selector&quot;:&quot;#startdate&quot;}
  (Session info: chrome=89.0.4389.114)
For documentation on this error, please visit: https://www.seleniumhq.org/exceptions/no_such_element.html
Build info: version: &apos;3.141.59&apos;, revision: &apos;e82be7d358&apos;, time: &apos;2018-11-14T08:17:03&apos;
System info: host: &apos;MATRIX&apos;, ip: &apos;192.168.10.80&apos;, os.name: &apos;Windows 7&apos;, os.arch: &apos;x86&apos;, os.version: &apos;6.1&apos;, java.version: &apos;1.8.0_282&apos;
Driver info: org.openqa.selenium.chrome.ChromeDriver
Capabilities {acceptInsecureCerts: false, browserName: chrome, browserVersion: 89.0.4389.114, chrome: {chromedriverVersion: 89.0.4389.23 (61b08ee2c5002..., userDataDir: C:\Users\KAUEGU~1\AppData\L...}, goog:chromeOptions: {debuggerAddress: localhost:50018}, javascriptEnabled: true, networkConnectionEnabled: false, pageLoadStrategy: normal, platform: WINDOWS, platformName: WINDOWS, proxy: Proxy(), setWindowRect: true, strictFileInteractability: false, timeouts: {implicit: 0, pageLoad: 300000, script: 30000}, unhandledPromptBehavior: dismiss and notify, webauthn:extension:largeBlob: true, webauthn:virtualAuthenticators: true}
Session ID: 3dcadf6f49481e0e76b66d1c3dc6df7d
*** Element info: {Using=css selector, value=#startdate}" type="org.openqa.selenium.NoSuchElementException">org.openqa.selenium.NoSuchElementException: no such element: Unable to locate element: {&quot;method&quot;:&quot;css selector&quot;,&quot;selector&quot;:&quot;#startdate&quot;}
  (Session info: chrome=89.0.4389.114)
For documentation on this error, please visit: https://www.seleniumhq.org/exceptions/no_such_element.html
Build info: version: &apos;3.141.59&apos;, revision: &apos;e82be7d358&apos;, time: &apos;2018-11-14T08:17:03&apos;
System info: host: &apos;MATRIX&apos;, ip: &apos;192.168.10.80&apos;, os.name: &apos;Windows 7&apos;, os.arch: &apos;x86&apos;, os.version: &apos;6.1&apos;, java.version: &apos;1.8.0_282&apos;
Driver info: org.openqa.selenium.chrome.ChromeDriver
Capabilities {acceptInsecureCerts: false, browserName: chrome, browserVersion: 89.0.4389.114, chrome: {chromedriverVersion: 89.0.4389.23 (61b08ee2c5002..., userDataDir: C:\Users\KAUEGU~1\AppData\L...}, goog:chromeOptions: {debuggerAddress: localhost:50018}, javascriptEnabled: true, networkConnectionEnabled: false, pageLoadStrategy: normal, platform: WINDOWS, platformName: WINDOWS, proxy: Proxy(), setWindowRect: true, strictFileInteractability: false, timeouts: {implicit: 0, pageLoad: 300000, script: 30000}, unhandledPromptBehavior: dismiss and notify, webauthn:extension:largeBlob: true, webauthn:virtualAuthenticators: true}
Session ID: 3dcadf6f49481e0e76b66d1c3dc6df7d
*** Element info: {Using=css selector, value=#startdate}
	at sun.reflect.NativeConstructorAccessorImpl.newInstance0(Native Method)
	at sun.reflect.NativeConstructorAccessorImpl.newInstance(NativeConstructorAccessorImpl.java:62)
	at sun.reflect.DelegatingConstructorAccessorImpl.newInstance(DelegatingConstructorAccessorImpl.java:45)
	at java.lang.reflect.Constructor.newInstance(Constructor.java:423)
	at org.openqa.selenium.remote.http.W3CHttpResponseCodec.createException(W3CHttpResponseCodec.java:187)
	at org.openqa.selenium.remote.http.W3CHttpResponseCodec.decode(W3CHttpResponseCodec.java:122)
	at org.openqa.selenium.remote.http.W3CHttpResponseCodec.decode(W3CHttpResponseCodec.java:49)
	at org.openqa.selenium.remote.HttpCommandExecutor.execute(HttpCommandExecutor.java:158)
	at org.openqa.selenium.remote.service.DriverCommandExecutor.execute(DriverCommandExecutor.java:83)
	at org.openqa.selenium.remote.RemoteWebDriver.execute(RemoteWebDriver.java:552)
	at org.openqa.selenium.remote.RemoteWebDriver.findElement(RemoteWebDriver.java:323)
	at org.openqa.selenium.remote.RemoteWebDriver.findElementByCssSelector(RemoteWebDriver.java:420)
	at org.openqa.selenium.By$ByCssSelector.findElement(By.java:431)
	at org.openqa.selenium.remote.RemoteWebDriver.findElement(RemoteWebDriver.java:315)
	at io.cucumber.avaliacao.Pages.ProductPage.campoCalendar(ProductPage.java:12)
	at io.cucumber.avaliacao.Steps.ProductSteps.seleciono_uma_data_Start_Date(ProductSteps.java:14)
	at ✽.seleciono uma data Start Date(classpath:io/cucumber/avaliacao/preencherformulario.feature:48)
</error>
    <system-out>
Cenario: Preencher Enter Product Data             &amp;#27;[90m# io/cucumber/avaliacao/preencherformulario.feature:47&amp;#27;[0m
  &amp;#27;[31mQuando &amp;#27;[0m&amp;#27;[31mseleciono uma data Start Date&amp;#27;[0m            &amp;#27;[90m# io.cucumber.avaliacao.Steps.ProductSteps.seleciono_uma_data_Start_Date()&amp;#27;[0m
      &amp;#27;[31morg.openqa.selenium.NoSuchElementException: no such element: Unable to locate element: {&quot;method&quot;:&quot;css selector&quot;,&quot;selector&quot;:&quot;#startdate&quot;}
  (Session info: chrome=89.0.4389.114)
For documentation on this error, please visit: https://www.seleniumhq.org/exceptions/no_such_element.html
Build info: version: &apos;3.141.59&apos;, revision: &apos;e82be7d358&apos;, time: &apos;2018-11-14T08:17:03&apos;
System info: host: &apos;MATRIX&apos;, ip: &apos;192.168.10.80&apos;, os.name: &apos;Windows 7&apos;, os.arch: &apos;x86&apos;, os.version: &apos;6.1&apos;, java.version: &apos;1.8.0_282&apos;
Driver info: org.openqa.selenium.chrome.ChromeDriver
Capabilities {acceptInsecureCerts: false, browserName: chrome, browserVersion: 89.0.4389.114, chrome: {chromedriverVersion: 89.0.4389.23 (61b08ee2c5002..., userDataDir: C:\Users\KAUEGU~1\AppData\L...}, goog:chromeOptions: {debuggerAddress: localhost:50018}, javascriptEnabled: true, networkConnectionEnabled: false, pageLoadStrategy: normal, platform: WINDOWS, platformName: WINDOWS, proxy: Proxy(), setWindowRect: true, strictFileInteractability: false, timeouts: {implicit: 0, pageLoad: 300000, script: 30000}, unhandledPromptBehavior: dismiss and notify, webauthn:extension:largeBlob: true, webauthn:virtualAuthenticators: true}
Session ID: 3dcadf6f49481e0e76b66d1c3dc6df7d
*** Element info: {Using=css selector, value=#startdate}
	at sun.reflect.NativeConstructorAccessorImpl.newInstance0(Native Method)
	at sun.reflect.NativeConstructorAccessorImpl.newInstance(NativeConstructorAccessorImpl.java:62)
	at sun.reflect.DelegatingConstructorAccessorImpl.newInstance(DelegatingConstructorAccessorImpl.java:45)
	at java.lang.reflect.Constructor.newInstance(Constructor.java:423)
	at org.openqa.selenium.remote.http.W3CHttpResponseCodec.createException(W3CHttpResponseCodec.java:187)
	at org.openqa.selenium.remote.http.W3CHttpResponseCodec.decode(W3CHttpResponseCodec.java:122)
	at org.openqa.selenium.remote.http.W3CHttpResponseCodec.decode(W3CHttpResponseCodec.java:49)
	at org.openqa.selenium.remote.HttpCommandExecutor.execute(HttpCommandExecutor.java:158)
	at org.openqa.selenium.remote.service.DriverCommandExecutor.execute(DriverCommandExecutor.java:83)
	at org.openqa.selenium.remote.RemoteWebDriver.execute(RemoteWebDriver.java:552)
	at org.openqa.selenium.remote.RemoteWebDriver.findElement(RemoteWebDriver.java:323)
	at org.openqa.selenium.remote.RemoteWebDriver.findElementByCssSelector(RemoteWebDriver.java:420)
	at org.openqa.selenium.By$ByCssSelector.findElement(By.java:431)
	at org.openqa.selenium.remote.RemoteWebDriver.findElement(RemoteWebDriver.java:315)
	at io.cucumber.avaliacao.Pages.ProductPage.campoCalendar(ProductPage.java:12)
	at io.cucumber.avaliacao.Steps.ProductSteps.seleciono_uma_data_Start_Date(ProductSteps.java:14)
	at ?.seleciono uma data Start Date(classpath:io/cucumber/avaliacao/preencherformulario.feature:48)
&amp;#27;[0m
  &amp;#27;[36mE &amp;#27;[0m&amp;#27;[36mseleciono um valor de seguro Insurance Sum&amp;#27;[0m    &amp;#27;[90m# io.cucumber.avaliacao.Steps.ProductSteps.seleciono_um_valor_de_seguro_Insurance_Sum()&amp;#27;[0m
  &amp;#27;[36mE &amp;#27;[0m&amp;#27;[36mescolho uma nota Merit Rating&amp;#27;[0m                 &amp;#27;[90m# io.cucumber.avaliacao.Steps.ProductSteps.escolho_uma_nota_Merit_Rating()&amp;#27;[0m
  &amp;#27;[36mE &amp;#27;[0m&amp;#27;[36mescolho uma cobertura Damage Insurance&amp;#27;[0m        &amp;#27;[90m# io.cucumber.avaliacao.Steps.ProductSteps.escolho_uma_cobertura_Damage_Insurance()&amp;#27;[0m
  &amp;#27;[36mE &amp;#27;[0m&amp;#27;[36mseleciono opcionais Optional Products&amp;#27;[0m         &amp;#27;[90m# io.cucumber.avaliacao.Steps.ProductSteps.seleciono_opcionais_Optional_Products()&amp;#27;[0m
  &amp;#27;[36mE &amp;#27;[0m&amp;#27;[36mseleciono uma cortesia Courtesy Car&amp;#27;[0m           &amp;#27;[90m# io.cucumber.avaliacao.Steps.ProductSteps.seleciono_uma_cortesia_Courtesy_Car()&amp;#27;[0m
  &amp;#27;[36mEntao &amp;#27;[0m&amp;#27;[36mclico em next para ver a tabela de precos&amp;#27;[0m &amp;#27;[90m# io.cucumber.avaliacao.Steps.ProductSteps.clico_em_next_para_ver_a_tabela_de_precos()&amp;#27;[0m
</system-out>
  </testcase>
  <testcase classname="Preencher o formulario no site SampleApp Tricentis" name="Escolher tipo de Select Price Option" time="0.024">
    <error message="no such element: Unable to locate element: {&quot;method&quot;:&quot;css selector&quot;,&quot;selector&quot;:&quot;#selectultimate&quot;}
  (Session info: chrome=89.0.4389.114)
For documentation on this error, please visit: https://www.seleniumhq.org/exceptions/no_such_element.html
Build info: version: &apos;3.141.59&apos;, revision: &apos;e82be7d358&apos;, time: &apos;2018-11-14T08:17:03&apos;
System info: host: &apos;MATRIX&apos;, ip: &apos;192.168.10.80&apos;, os.name: &apos;Windows 7&apos;, os.arch: &apos;x86&apos;, os.version: &apos;6.1&apos;, java.version: &apos;1.8.0_282&apos;
Driver info: org.openqa.selenium.chrome.ChromeDriver
Capabilities {acceptInsecureCerts: false, browserName: chrome, browserVersion: 89.0.4389.114, chrome: {chromedriverVersion: 89.0.4389.23 (61b08ee2c5002..., userDataDir: C:\Users\KAUEGU~1\AppData\L...}, goog:chromeOptions: {debuggerAddress: localhost:50018}, javascriptEnabled: true, networkConnectionEnabled: false, pageLoadStrategy: normal, platform: WINDOWS, platformName: WINDOWS, proxy: Proxy(), setWindowRect: true, strictFileInteractability: false, timeouts: {implicit: 0, pageLoad: 300000, script: 30000}, unhandledPromptBehavior: dismiss and notify, webauthn:extension:largeBlob: true, webauthn:virtualAuthenticators: true}
Session ID: 3dcadf6f49481e0e76b66d1c3dc6df7d
*** Element info: {Using=css selector, value=#selectultimate}" type="org.openqa.selenium.NoSuchElementException">org.openqa.selenium.NoSuchElementException: no such element: Unable to locate element: {&quot;method&quot;:&quot;css selector&quot;,&quot;selector&quot;:&quot;#selectultimate&quot;}
  (Session info: chrome=89.0.4389.114)
For documentation on this error, please visit: https://www.seleniumhq.org/exceptions/no_such_element.html
Build info: version: &apos;3.141.59&apos;, revision: &apos;e82be7d358&apos;, time: &apos;2018-11-14T08:17:03&apos;
System info: host: &apos;MATRIX&apos;, ip: &apos;192.168.10.80&apos;, os.name: &apos;Windows 7&apos;, os.arch: &apos;x86&apos;, os.version: &apos;6.1&apos;, java.version: &apos;1.8.0_282&apos;
Driver info: org.openqa.selenium.chrome.ChromeDriver
Capabilities {acceptInsecureCerts: false, browserName: chrome, browserVersion: 89.0.4389.114, chrome: {chromedriverVersion: 89.0.4389.23 (61b08ee2c5002..., userDataDir: C:\Users\KAUEGU~1\AppData\L...}, goog:chromeOptions: {debuggerAddress: localhost:50018}, javascriptEnabled: true, networkConnectionEnabled: false, pageLoadStrategy: normal, platform: WINDOWS, platformName: WINDOWS, proxy: Proxy(), setWindowRect: true, strictFileInteractability: false, timeouts: {implicit: 0, pageLoad: 300000, script: 30000}, unhandledPromptBehavior: dismiss and notify, webauthn:extension:largeBlob: true, webauthn:virtualAuthenticators: true}
Session ID: 3dcadf6f49481e0e76b66d1c3dc6df7d
*** Element info: {Using=css selector, value=#selectultimate}
	at sun.reflect.NativeConstructorAccessorImpl.newInstance0(Native Method)
	at sun.reflect.NativeConstructorAccessorImpl.newInstance(NativeConstructorAccessorImpl.java:62)
	at sun.reflect.DelegatingConstructorAccessorImpl.newInstance(DelegatingConstructorAccessorImpl.java:45)
	at java.lang.reflect.Constructor.newInstance(Constructor.java:423)
	at org.openqa.selenium.remote.http.W3CHttpResponseCodec.createException(W3CHttpResponseCodec.java:187)
	at org.openqa.selenium.remote.http.W3CHttpResponseCodec.decode(W3CHttpResponseCodec.java:122)
	at org.openqa.selenium.remote.http.W3CHttpResponseCodec.decode(W3CHttpResponseCodec.java:49)
	at org.openqa.selenium.remote.HttpCommandExecutor.execute(HttpCommandExecutor.java:158)
	at org.openqa.selenium.remote.service.DriverCommandExecutor.execute(DriverCommandExecutor.java:83)
	at org.openqa.selenium.remote.RemoteWebDriver.execute(RemoteWebDriver.java:552)
	at org.openqa.selenium.remote.RemoteWebDriver.findElement(RemoteWebDriver.java:323)
	at org.openqa.selenium.remote.RemoteWebDriver.findElementByCssSelector(RemoteWebDriver.java:420)
	at org.openqa.selenium.By$ByCssSelector.findElement(By.java:431)
	at org.openqa.selenium.remote.RemoteWebDriver.findElement(RemoteWebDriver.java:315)
	at io.cucumber.avaliacao.Pages.PriceOptionPage.opcaoSeguro(PriceOptionPage.java:10)
	at io.cucumber.avaliacao.Steps.PriceOptionSteps.escolhe_uma_opcao(PriceOptionSteps.java:14)
	at ✽.escolhe uma opcao(classpath:io/cucumber/avaliacao/preencherformulario.feature:57)
</error>
    <system-out>
Cenario: Escolher tipo de Select Price Option &amp;#27;[90m# io/cucumber/avaliacao/preencherformulario.feature:56&amp;#27;[0m
  &amp;#27;[31mQuando &amp;#27;[0m&amp;#27;[31mescolhe uma opcao&amp;#27;[0m                    &amp;#27;[90m# io.cucumber.avaliacao.Steps.PriceOptionSteps.escolhe_uma_opcao()&amp;#27;[0m
      &amp;#27;[31morg.openqa.selenium.NoSuchElementException: no such element: Unable to locate element: {&quot;method&quot;:&quot;css selector&quot;,&quot;selector&quot;:&quot;#selectultimate&quot;}
  (Session info: chrome=89.0.4389.114)
For documentation on this error, please visit: https://www.seleniumhq.org/exceptions/no_such_element.html
Build info: version: &apos;3.141.59&apos;, revision: &apos;e82be7d358&apos;, time: &apos;2018-11-14T08:17:03&apos;
System info: host: &apos;MATRIX&apos;, ip: &apos;192.168.10.80&apos;, os.name: &apos;Windows 7&apos;, os.arch: &apos;x86&apos;, os.version: &apos;6.1&apos;, java.version: &apos;1.8.0_282&apos;
Driver info: org.openqa.selenium.chrome.ChromeDriver
Capabilities {acceptInsecureCerts: false, browserName: chrome, browserVersion: 89.0.4389.114, chrome: {chromedriverVersion: 89.0.4389.23 (61b08ee2c5002..., userDataDir: C:\Users\KAUEGU~1\AppData\L...}, goog:chromeOptions: {debuggerAddress: localhost:50018}, javascriptEnabled: true, networkConnectionEnabled: false, pageLoadStrategy: normal, platform: WINDOWS, platformName: WINDOWS, proxy: Proxy(), setWindowRect: true, strictFileInteractability: false, timeouts: {implicit: 0, pageLoad: 300000, script: 30000}, unhandledPromptBehavior: dismiss and notify, webauthn:extension:largeBlob: true, webauthn:virtualAuthenticators: true}
Session ID: 3dcadf6f49481e0e76b66d1c3dc6df7d
*** Element info: {Using=css selector, value=#selectultimate}
	at sun.reflect.NativeConstructorAccessorImpl.newInstance0(Native Method)
	at sun.reflect.NativeConstructorAccessorImpl.newInstance(NativeConstructorAccessorImpl.java:62)
	at sun.reflect.DelegatingConstructorAccessorImpl.newInstance(DelegatingConstructorAccessorImpl.java:45)
	at java.lang.reflect.Constructor.newInstance(Constructor.java:423)
	at org.openqa.selenium.remote.http.W3CHttpResponseCodec.createException(W3CHttpResponseCodec.java:187)
	at org.openqa.selenium.remote.http.W3CHttpResponseCodec.decode(W3CHttpResponseCodec.java:122)
	at org.openqa.selenium.remote.http.W3CHttpResponseCodec.decode(W3CHttpResponseCodec.java:49)
	at org.openqa.selenium.remote.HttpCommandExecutor.execute(HttpCommandExecutor.java:158)
	at org.openqa.selenium.remote.service.DriverCommandExecutor.execute(DriverCommandExecutor.java:83)
	at org.openqa.selenium.remote.RemoteWebDriver.execute(RemoteWebDriver.java:552)
	at org.openqa.selenium.remote.RemoteWebDriver.findElement(RemoteWebDriver.java:323)
	at org.openqa.selenium.remote.RemoteWebDriver.findElementByCssSelector(RemoteWebDriver.java:420)
	at org.openqa.selenium.By$ByCssSelector.findElement(By.java:431)
	at org.openqa.selenium.remote.RemoteWebDriver.findElement(RemoteWebDriver.java:315)
	at io.cucumber.avaliacao.Pages.PriceOptionPage.opcaoSeguro(PriceOptionPage.java:10)
	at io.cucumber.avaliacao.Steps.PriceOptionSteps.escolhe_uma_opcao(PriceOptionSteps.java:14)
	at ?.escolhe uma opcao(classpath:io/cucumber/avaliacao/preencherformulario.feature:57)
&amp;#27;[0m
  &amp;#27;[36mEntao &amp;#27;[0m&amp;#27;[36mclico em Next para receber orcamento&amp;#27;[0m  &amp;#27;[90m# io.cucumber.avaliacao.Steps.PriceOptionSteps.clico_em_Next_para_receber_orcamento()&amp;#27;[0m
</system-out>
  </testcase>
  <testcase classname="Preencher o formulario no site SampleApp Tricentis" name="Preencher os campos Send Quote" time="0.029">
    <error message="no such element: Unable to locate element: {&quot;method&quot;:&quot;css selector&quot;,&quot;selector&quot;:&quot;#email&quot;}
  (Session info: chrome=89.0.4389.114)
For documentation on this error, please visit: https://www.seleniumhq.org/exceptions/no_such_element.html
Build info: version: &apos;3.141.59&apos;, revision: &apos;e82be7d358&apos;, time: &apos;2018-11-14T08:17:03&apos;
System info: host: &apos;MATRIX&apos;, ip: &apos;192.168.10.80&apos;, os.name: &apos;Windows 7&apos;, os.arch: &apos;x86&apos;, os.version: &apos;6.1&apos;, java.version: &apos;1.8.0_282&apos;
Driver info: org.openqa.selenium.chrome.ChromeDriver
Capabilities {acceptInsecureCerts: false, browserName: chrome, browserVersion: 89.0.4389.114, chrome: {chromedriverVersion: 89.0.4389.23 (61b08ee2c5002..., userDataDir: C:\Users\KAUEGU~1\AppData\L...}, goog:chromeOptions: {debuggerAddress: localhost:50018}, javascriptEnabled: true, networkConnectionEnabled: false, pageLoadStrategy: normal, platform: WINDOWS, platformName: WINDOWS, proxy: Proxy(), setWindowRect: true, strictFileInteractability: false, timeouts: {implicit: 0, pageLoad: 300000, script: 30000}, unhandledPromptBehavior: dismiss and notify, webauthn:extension:largeBlob: true, webauthn:virtualAuthenticators: true}
Session ID: 3dcadf6f49481e0e76b66d1c3dc6df7d
*** Element info: {Using=css selector, value=#email}" type="org.openqa.selenium.NoSuchElementException">org.openqa.selenium.NoSuchElementException: no such element: Unable to locate element: {&quot;method&quot;:&quot;css selector&quot;,&quot;selector&quot;:&quot;#email&quot;}
  (Session info: chrome=89.0.4389.114)
For documentation on this error, please visit: https://www.seleniumhq.org/exceptions/no_such_element.html
Build info: version: &apos;3.141.59&apos;, revision: &apos;e82be7d358&apos;, time: &apos;2018-11-14T08:17:03&apos;
System info: host: &apos;MATRIX&apos;, ip: &apos;192.168.10.80&apos;, os.name: &apos;Windows 7&apos;, os.arch: &apos;x86&apos;, os.version: &apos;6.1&apos;, java.version: &apos;1.8.0_282&apos;
Driver info: org.openqa.selenium.chrome.ChromeDriver
Capabilities {acceptInsecureCerts: false, browserName: chrome, browserVersion: 89.0.4389.114, chrome: {chromedriverVersion: 89.0.4389.23 (61b08ee2c5002..., userDataDir: C:\Users\KAUEGU~1\AppData\L...}, goog:chromeOptions: {debuggerAddress: localhost:50018}, javascriptEnabled: true, networkConnectionEnabled: false, pageLoadStrategy: normal, platform: WINDOWS, platformName: WINDOWS, proxy: Proxy(), setWindowRect: true, strictFileInteractability: false, timeouts: {implicit: 0, pageLoad: 300000, script: 30000}, unhandledPromptBehavior: dismiss and notify, webauthn:extension:largeBlob: true, webauthn:virtualAuthenticators: true}
Session ID: 3dcadf6f49481e0e76b66d1c3dc6df7d
*** Element info: {Using=css selector, value=#email}
	at sun.reflect.NativeConstructorAccessorImpl.newInstance0(Native Method)
	at sun.reflect.NativeConstructorAccessorImpl.newInstance(NativeConstructorAccessorImpl.java:62)
	at sun.reflect.DelegatingConstructorAccessorImpl.newInstance(DelegatingConstructorAccessorImpl.java:45)
	at java.lang.reflect.Constructor.newInstance(Constructor.java:423)
	at org.openqa.selenium.remote.http.W3CHttpResponseCodec.createException(W3CHttpResponseCodec.java:187)
	at org.openqa.selenium.remote.http.W3CHttpResponseCodec.decode(W3CHttpResponseCodec.java:122)
	at org.openqa.selenium.remote.http.W3CHttpResponseCodec.decode(W3CHttpResponseCodec.java:49)
	at org.openqa.selenium.remote.HttpCommandExecutor.execute(HttpCommandExecutor.java:158)
	at org.openqa.selenium.remote.service.DriverCommandExecutor.execute(DriverCommandExecutor.java:83)
	at org.openqa.selenium.remote.RemoteWebDriver.execute(RemoteWebDriver.java:552)
	at org.openqa.selenium.remote.RemoteWebDriver.findElement(RemoteWebDriver.java:323)
	at org.openqa.selenium.remote.RemoteWebDriver.findElementByCssSelector(RemoteWebDriver.java:420)
	at org.openqa.selenium.By$ByCssSelector.findElement(By.java:431)
	at org.openqa.selenium.remote.RemoteWebDriver.findElement(RemoteWebDriver.java:315)
	at io.cucumber.avaliacao.Pages.SendQuotePage.campoEmail(SendQuotePage.java:12)
	at io.cucumber.avaliacao.Steps.SendQuoteSteps.preencho_o_email(SendQuoteSteps.java:13)
	at ✽.preencho o email &quot;Leandro@stilomovelaria.com.br&quot;(classpath:io/cucumber/avaliacao/preencherformulario.feature:61)
</error>
    <system-out>
Esquema do Cenario: Preencher os campos Send Quote    &amp;#27;[90m# io/cucumber/avaliacao/preencherformulario.feature:72&amp;#27;[0m
  &amp;#27;[31mE &amp;#27;[0m&amp;#27;[31mpreencho o email &amp;#27;[0m&amp;#27;[31m&amp;#27;[1m&quot;Leandro@stilomovelaria.com.br&quot;&amp;#27;[0m  &amp;#27;[90m# io.cucumber.avaliacao.Steps.SendQuoteSteps.preencho_o_email(java.lang.String)&amp;#27;[0m
      &amp;#27;[31morg.openqa.selenium.NoSuchElementException: no such element: Unable to locate element: {&quot;method&quot;:&quot;css selector&quot;,&quot;selector&quot;:&quot;#email&quot;}
  (Session info: chrome=89.0.4389.114)
For documentation on this error, please visit: https://www.seleniumhq.org/exceptions/no_such_element.html
Build info: version: &apos;3.141.59&apos;, revision: &apos;e82be7d358&apos;, time: &apos;2018-11-14T08:17:03&apos;
System info: host: &apos;MATRIX&apos;, ip: &apos;192.168.10.80&apos;, os.name: &apos;Windows 7&apos;, os.arch: &apos;x86&apos;, os.version: &apos;6.1&apos;, java.version: &apos;1.8.0_282&apos;
Driver info: org.openqa.selenium.chrome.ChromeDriver
Capabilities {acceptInsecureCerts: false, browserName: chrome, browserVersion: 89.0.4389.114, chrome: {chromedriverVersion: 89.0.4389.23 (61b08ee2c5002..., userDataDir: C:\Users\KAUEGU~1\AppData\L...}, goog:chromeOptions: {debuggerAddress: localhost:50018}, javascriptEnabled: true, networkConnectionEnabled: false, pageLoadStrategy: normal, platform: WINDOWS, platformName: WINDOWS, proxy: Proxy(), setWindowRect: true, strictFileInteractability: false, timeouts: {implicit: 0, pageLoad: 300000, script: 30000}, unhandledPromptBehavior: dismiss and notify, webauthn:extension:largeBlob: true, webauthn:virtualAuthenticators: true}
Session ID: 3dcadf6f49481e0e76b66d1c3dc6df7d
*** Element info: {Using=css selector, value=#email}
	at sun.reflect.NativeConstructorAccessorImpl.newInstance0(Native Method)
	at sun.reflect.NativeConstructorAccessorImpl.newInstance(NativeConstructorAccessorImpl.java:62)
	at sun.reflect.DelegatingConstructorAccessorImpl.newInstance(DelegatingConstructorAccessorImpl.java:45)
	at java.lang.reflect.Constructor.newInstance(Constructor.java:423)
	at org.openqa.selenium.remote.http.W3CHttpResponseCodec.createException(W3CHttpResponseCodec.java:187)
	at org.openqa.selenium.remote.http.W3CHttpResponseCodec.decode(W3CHttpResponseCodec.java:122)
	at org.openqa.selenium.remote.http.W3CHttpResponseCodec.decode(W3CHttpResponseCodec.java:49)
	at org.openqa.selenium.remote.HttpCommandExecutor.execute(HttpCommandExecutor.java:158)
	at org.openqa.selenium.remote.service.DriverCommandExecutor.execute(DriverCommandExecutor.java:83)
	at org.openqa.selenium.remote.RemoteWebDriver.execute(RemoteWebDriver.java:552)
	at org.openqa.selenium.remote.RemoteWebDriver.findElement(RemoteWebDriver.java:323)
	at org.openqa.selenium.remote.RemoteWebDriver.findElementByCssSelector(RemoteWebDriver.java:420)
	at org.openqa.selenium.By$ByCssSelector.findElement(By.java:431)
	at org.openqa.selenium.remote.RemoteWebDriver.findElement(RemoteWebDriver.java:315)
	at io.cucumber.avaliacao.Pages.SendQuotePage.campoEmail(SendQuotePage.java:12)
	at io.cucumber.avaliacao.Steps.SendQuoteSteps.preencho_o_email(SendQuoteSteps.java:13)
	at ?.preencho o email &quot;Leandro@stilomovelaria.com.br&quot;(classpath:io/cucumber/avaliacao/preencherformulario.feature:61)
&amp;#27;[0m
  &amp;#27;[36mE &amp;#27;[0m&amp;#27;[36mdigito um telefone &amp;#27;[0m&amp;#27;[36m&amp;#27;[1m&quot;123456789&quot;&amp;#27;[0m                    &amp;#27;[90m# io.cucumber.avaliacao.Steps.SendQuoteSteps.digito_um_telefone(java.lang.String)&amp;#27;[0m
  &amp;#27;[36mE &amp;#27;[0m&amp;#27;[36mescolho um nome de usuario &amp;#27;[0m&amp;#27;[36m&amp;#27;[1m&quot;leandrocstil&quot;&amp;#27;[0m         &amp;#27;[90m# io.cucumber.avaliacao.Steps.SendQuoteSteps.escolho_um_nome_de_usuario(java.lang.String)&amp;#27;[0m
  &amp;#27;[36mE &amp;#27;[0m&amp;#27;[36mescolho uma senha &amp;#27;[0m&amp;#27;[36m&amp;#27;[1m&quot;ZWLap90n&quot;&amp;#27;[0m                      &amp;#27;[90m# io.cucumber.avaliacao.Steps.SendQuoteSteps.escolho_uma_senha(java.lang.String)&amp;#27;[0m
  &amp;#27;[36mE &amp;#27;[0m&amp;#27;[36mconfirmo a senha Confirm &amp;#27;[0m&amp;#27;[36m&amp;#27;[1m&quot;ZWLap90n&quot;&amp;#27;[0m               &amp;#27;[90m# io.cucumber.avaliacao.Steps.SendQuoteSteps.confirmo_a_senha_Confirm(java.lang.String)&amp;#27;[0m
  &amp;#27;[36mQuando &amp;#27;[0m&amp;#27;[36mclico em Send&amp;#27;[0m                                &amp;#27;[90m# io.cucumber.avaliacao.Steps.SendQuoteSteps.clico_em_Send()&amp;#27;[0m
  &amp;#27;[36mEntao &amp;#27;[0m&amp;#27;[36mVerifico a mensagem &amp;#27;[0m&amp;#27;[36m&amp;#27;[1m&quot;Sending e-mail success!&quot;&amp;#27;[0m &amp;#27;[90m# io.cucumber.avaliacao.Steps.SendQuoteSteps.verifico_a_mensagem(java.lang.String)&amp;#27;[0m
  &amp;#27;[36mE &amp;#27;[0m&amp;#27;[36mclico no botao Ok&amp;#27;[0m                                 &amp;#27;[90m# io.cucumber.avaliacao.Steps.SendQuoteSteps.clico_no_botao_Ok()&amp;#27;[0m
</system-out>
  </testcase>
</testsuite>